Admin Backend running at http://localhost:3001
2026-02-08T10:05:27.672Z - POST /api/events
2026-02-08T10:05:28.259Z - GET /api/events
2026-02-08T10:05:41.233Z - GET /api/events
2026-02-08T10:05:41.234Z - GET /api/events
2026-02-08T10:05:59.900Z - GET /api/get-content?v=1770545159887
2026-02-08T10:05:59.902Z - GET /api/all-images?v=1770545159887
2026-02-08T10:05:59.905Z - GET /api/events?v=1770545159887
2026-02-08T10:05:59.906Z - GET /api/get-content?v=1770545159887
2026-02-08T10:05:59.906Z - GET /api/events?v=1770545159887
2026-02-08T10:05:59.907Z - GET /api/all-images?v=1770545159887
2026-02-08T10:05:59.931Z - GET /api/get-content?v=1770545159926
2026-02-08T10:05:59.932Z - GET /api/all-images?v=1770545159926
2026-02-08T10:05:59.932Z - GET /api/events?v=1770545159926
2026-02-08T10:06:19.698Z - POST /api/upload-image
2026-02-08T10:06:19.714Z - GET /uploads/1770545179703-514492862.avif
2026-02-08T10:08:29.059Z - GET /api/get-content?v=1770545309052
2026-02-08T10:08:29.060Z - GET /api/all-images?v=1770545309052
2026-02-08T10:08:29.061Z - GET /api/events?v=1770545309052
2026-02-08T10:08:29.061Z - GET /api/get-content?v=1770545309053
2026-02-08T10:08:29.062Z - GET /api/all-images?v=1770545309053
2026-02-08T10:08:29.063Z - GET /api/events?v=1770545309053
2026-02-08T10:08:29.120Z - GET /api/get-content?v=1770545309111
2026-02-08T10:08:29.124Z - GET /api/all-images?v=1770545309112
2026-02-08T10:08:29.125Z - GET /api/events?v=1770545309112
2026-02-08T10:08:39.197Z - POST /api/upload-image
2026-02-08T10:08:39.208Z - GET /uploads/1770545319199-891631459.avif
2026-02-08T10:08:53.084Z - POST /api/events
2026-02-08T10:08:56.455Z - GET /api/events
2026-02-08T10:08:56.456Z - GET /api/events
2026-02-08T10:08:56.468Z - GET /uploads/1770545319199-891631459.avif
2026-02-08T10:10:44.498Z - GET /api/events
2026-02-08T10:10:44.502Z - GET /api/events
2026-02-08T10:10:44.524Z - GET /uploads/1770545319199-891631459.avif
2026-02-08T10:10:47.112Z - GET /uploads/1770545319199-891631459.avif
2026-02-08T10:10:57.635Z - GET /api/get-content?v=1770545457625
2026-02-08T10:10:57.638Z - GET /api/all-images?v=1770545457625
2026-02-08T10:10:57.640Z - GET /api/events?v=1770545457626
2026-02-08T10:10:57.641Z - GET /api/get-content?v=1770545457627
2026-02-08T10:10:57.641Z - GET /api/all-images?v=1770545457627
2026-02-08T10:10:57.643Z - GET /api/events?v=1770545457627
2026-02-08T10:10:57.683Z - GET /api/get-content?v=1770545457678
2026-02-08T10:10:57.683Z - GET /api/all-images?v=1770545457678
2026-02-08T10:10:57.686Z - GET /api/events?v=1770545457678
2026-02-08T10:11:54.053Z - GET /api/get-content?v=1770545514034
2026-02-08T10:11:54.053Z - GET /api/all-images?v=1770545514037
2026-02-08T10:11:54.056Z - GET /api/news?v=1770545514038
2026-02-08T10:11:54.065Z - GET /api/events?v=1770545514037
2026-02-08T10:11:54.203Z - GET /api/get-content?v=1770545514197
2026-02-08T10:11:54.206Z - GET /api/all-images?v=1770545514197
2026-02-08T10:11:54.208Z - GET /api/events?v=1770545514197
2026-02-08T10:11:54.208Z - GET /api/news?v=1770545514197
2026-02-08T10:13:38.477Z - GET /api/events
2026-02-08T10:13:38.482Z - GET /api/events
2026-02-08T10:13:38.496Z - GET /uploads/1770545319199-891631459.avif
2026-02-08T10:13:44.849Z - GET /api/get-content?v=1770545624842
2026-02-08T10:13:44.850Z - GET /api/all-images?v=1770545624842
2026-02-08T10:13:44.853Z - GET /api/events?v=1770545624842
2026-02-08T10:13:44.853Z - GET /api/news?v=1770545624843
2026-02-08T10:13:44.855Z - GET /api/get-content?v=1770545624843
2026-02-08T10:13:44.861Z - GET /api/all-images?v=1770545624843
2026-02-08T10:13:44.863Z - GET /api/events?v=1770545624843
2026-02-08T10:13:44.863Z - GET /api/news?v=1770545624843
2026-02-08T10:13:44.895Z - GET /api/get-content?v=1770545624878
2026-02-08T10:13:44.896Z - GET /api/all-images?v=1770545624878
2026-02-08T10:13:44.897Z - GET /api/events?v=1770545624878
2026-02-08T10:13:44.897Z - GET /api/news?v=1770545624878
2026-02-08T10:18:12.690Z - GET /api/get-content?v=1770545892682
2026-02-08T10:18:12.693Z - GET /api/all-images?v=1770545892682
2026-02-08T10:18:12.697Z - GET /api/events?v=1770545892682
2026-02-08T10:18:12.698Z - GET /api/news?v=1770545892682
2026-02-08T10:18:12.702Z - GET /api/get-content?v=1770545892682
2026-02-08T10:18:12.704Z - GET /api/all-images?v=1770545892682
2026-02-08T10:18:12.706Z - GET /api/events?v=1770545892682
2026-02-08T10:18:12.707Z - GET /api/news?v=1770545892682
2026-02-08T10:18:12.735Z - GET /api/get-content?v=1770545892722
2026-02-08T10:18:12.736Z - GET /api/all-images?v=1770545892722
2026-02-08T10:18:12.738Z - GET /api/news?v=1770545892722
2026-02-08T10:18:12.741Z - GET /api/events?v=1770545892722
2026-02-08T10:22:14.576Z - GET /api/get-content?v=1770546134556
2026-02-08T10:22:14.581Z - GET /api/all-images?v=1770546134556
2026-02-08T10:22:14.586Z - GET /api/news?v=1770546134556
2026-02-08T10:22:14.591Z - GET /api/events?v=1770546134556
2026-02-08T10:22:14.594Z - GET /api/get-content?v=1770546134557
2026-02-08T10:22:14.596Z - GET /api/all-images?v=1770546134557
2026-02-08T10:22:14.597Z - GET /api/events?v=1770546134557
2026-02-08T10:22:14.599Z - GET /api/news?v=1770546134557
2026-02-08T10:22:14.629Z - GET /api/get-content?v=1770546134622
2026-02-08T10:22:14.629Z - GET /api/all-images?v=1770546134623
2026-02-08T10:22:14.633Z - GET /api/events?v=1770546134623
2026-02-08T10:22:14.635Z - GET /api/news?v=1770546134623
2026-02-08T10:22:20.478Z - GET /api/get-content?v=1770546140466
2026-02-08T10:22:20.481Z - GET /api/all-images?v=1770546140467
2026-02-08T10:22:20.484Z - GET /api/events?v=1770546140467
2026-02-08T10:22:20.487Z - GET /api/news?v=1770546140467
2026-02-08T10:22:20.488Z - GET /api/get-content?v=1770546140467
2026-02-08T10:22:20.489Z - GET /api/all-images?v=1770546140467
2026-02-08T10:22:20.490Z - GET /api/events?v=1770546140467
2026-02-08T10:22:20.493Z - GET /api/news?v=1770546140467
2026-02-08T10:22:20.520Z - GET /api/get-content?v=1770546140505
2026-02-08T10:22:20.520Z - GET /api/all-images?v=1770546140505
2026-02-08T10:22:20.521Z - GET /api/events?v=1770546140505
2026-02-08T10:22:20.522Z - GET /api/news?v=1770546140505
2026-02-08T10:22:36.291Z - GET /api/get-content?v=1770546156285
2026-02-08T10:22:36.292Z - GET /api/all-images?v=1770546156286
2026-02-08T10:22:36.294Z - GET /api/events?v=1770546156286
2026-02-08T10:22:36.295Z - GET /api/news?v=1770546156286
2026-02-08T10:22:36.296Z - GET /api/get-content?v=1770546156287
2026-02-08T10:22:36.296Z - GET /api/all-images?v=1770546156287
2026-02-08T10:22:36.298Z - GET /api/events?v=1770546156287
2026-02-08T10:22:36.301Z - GET /api/news?v=1770546156287
2026-02-08T10:22:36.329Z - GET /api/get-content?v=1770546156320
2026-02-08T10:22:36.341Z - GET /api/all-images?v=1770546156320
2026-02-08T10:22:36.342Z - GET /api/news?v=1770546156321
2026-02-08T10:22:36.343Z - GET /api/events?v=1770546156321
2026-02-08T10:23:17.696Z - HEAD /api/news
2026-02-08T10:23:26.731Z - HEAD /api/events
